<?xml version="1.0" encoding="UTF-8"?>
<!-- Generated by org.testng.reporters.JUnitReportReporter -->
<testsuite hostname="DESKTOP-9H01E7N" failures="0" tests="1" name="TestCase.Edureka" time="26.801" errors="0" timestamp="10 Aug 2018 22:26:26 GMT" skipped="0">
  <testcase classname="TestCase.Edureka" name="TC_001" time="26.801"/>
</testsuite> <!-- TestCase.Edureka -->
