<?xml version="1.0" encoding="UTF-8"?>
<!-- Generated by org.testng.reporters.JUnitReportReporter -->
<testsuite hostname="DESKTOP-9H01E7N" failures="0" tests="2" name="book_shopping.Invaliduser" time="38.057" errors="0" timestamp="01 Aug 2018 21:37:12 GMT" skipped="0">
  <testcase classname="book_shopping.Invaliduser" name="Test_001" time="6.505"/>
  <testcase classname="book_shopping.Invaliduser" name="Test_002" time="31.552"/>
</testsuite> <!-- book_shopping.Invaliduser -->
